[debug] [2020-05-13T03:38:32.629Z] ----------------------------------------------------------------------
[debug] [2020-05-13T03:38:32.631Z] Command:       C:\Program Files\nodejs\node.exe C:\Users\Dre\AppData\Roaming\npm\node_modules\firebase-tools\lib\bin\firebase.js deploy --only functions
[debug] [2020-05-13T03:38:32.632Z] CLI Version:   8.2.0
[debug] [2020-05-13T03:38:32.632Z] Platform:      win32
[debug] [2020-05-13T03:38:32.632Z] Node Version:  v10.15.3
[debug] [2020-05-13T03:38:32.633Z] Time:          Wed May 13 2020 10:38:32 GMT+0700 (Indochina Time)
[debug] [2020-05-13T03:38:32.633Z] ----------------------------------------------------------------------
[debug] [2020-05-13T03:38:32.633Z] 
[debug] [2020-05-13T03:38:32.640Z] > command requires scopes: ["email","openid","https://www.googleapis.com/auth/cloudplatformprojects.readonly","https://www.googleapis.com/auth/firebase","https://www.googleapis.com/auth/cloud-platform"]
[debug] [2020-05-13T03:38:32.641Z] > authorizing via signed-in user
[debug] [2020-05-13T03:38:32.641Z] [iam] checking project imergency-latest for permissions ["cloudfunctions.functions.create","cloudfunctions.functions.delete","cloudfunctions.functions.get","cloudfunctions.functions.list","cloudfunctions.functions.update","cloudfunctions.operations.get","firebase.projects.get"]
[debug] [2020-05-13T03:38:32.644Z] >>> HTTP REQUEST POST https://cloudresourcemanager.googleapis.com/v1/projects/imergency-latest:testIamPermissions  
 {"permissions":["cloudfunctions.functions.create","cloudfunctions.functions.delete","cloudfunctions.functions.get","cloudfunctions.functions.list","cloudfunctions.functions.update","cloudfunctions.operations.get","firebase.projects.get"]}
[debug] [2020-05-13T03:38:33.879Z] <<< HTTP RESPONSE 200 {"content-type":"application/json; charset=UTF-8","vary":"X-Origin, Referer, Origin,Accept-Encoding","date":"Wed, 13 May 2020 03:38:33 GMT","server":"ESF","cache-control":"private","x-xss-protection":"0","x-frame-options":"SAMEORIGIN","x-content-type-options":"nosniff","server-timing":"gfet4t7; dur=1034","alt-svc":"h3-27=\":443\"; ma=2592000,h3-25=\":443\"; ma=2592000,h3-Q050=\":443\"; ma=2592000,h3-Q049=\":443\"; ma=2592000,h3-Q048=\":443\"; ma=2592000,h3-Q046=\":443\"; ma=2592000,h3-Q043=\":443\"; ma=2592000,quic=\":443\"; ma=2592000; v=\"46,43\"","accept-ranges":"none","transfer-encoding":"chunked"}
[debug] [2020-05-13T03:38:33.880Z] >>> HTTP REQUEST POST https://iam.googleapis.com/v1/projects/imergency-latest/serviceAccounts/imergency-latest@appspot.gserviceaccount.com:testIamPermissions  
 {"permissions":["iam.serviceAccounts.actAs"]}
[debug] [2020-05-13T03:38:35.519Z] <<< HTTP RESPONSE 200 {"content-type":"application/json; charset=UTF-8","vary":"X-Origin, Referer, Origin,Accept-Encoding","date":"Wed, 13 May 2020 03:38:35 GMT","server":"ESF","cache-control":"private","x-xss-protection":"0","x-frame-options":"SAMEORIGIN","x-content-type-options":"nosniff","alt-svc":"h3-27=\":443\"; ma=2592000,h3-25=\":443\"; ma=2592000,h3-T050=\":443\"; ma=2592000,h3-Q050=\":443\"; ma=2592000,h3-Q049=\":443\"; ma=2592000,h3-Q048=\":443\"; ma=2592000,h3-Q046=\":443\"; ma=2592000,h3-Q043=\":443\"; ma=2592000,quic=\":443\"; ma=2592000; v=\"46,43\"","accept-ranges":"none","transfer-encoding":"chunked"}
[info] 
[info] === Deploying to 'imergency-latest'...
[info] 
[info] i  deploying functions
[info] Running command: npm --prefix "$RESOURCE_DIR" run lint
[info] Running command: npm --prefix "$RESOURCE_DIR" run build
[info] +  functions: Finished running predeploy script.
[debug] [2020-05-13T03:38:43.711Z] > [functions] package.json contents: {
  "name": "functions",
  "scripts": {
    "lint": "tslint --project tsconfig.json",
    "build": "tsc",
    "serve": "npm run build && firebase emulators:start --only functions",
    "shell": "npm run build && firebase functions:shell",
    "start": "npm run shell",
    "deploy": "firebase deploy --only functions",
    "logs": "firebase functions:log"
  },
  "engines": {
    "node": "8"
  },
  "main": "lib/index.js",
  "dependencies": {
    "firebase-admin": "^8.10.0",
    "firebase-functions": "^3.6.1"
  },
  "devDependencies": {
    "tslint": "^5.12.0",
    "typescript": "^3.8.0",
    "firebase-functions-test": "^0.2.0"
  },
  "private": true
}
[info] i  functions: ensuring required API cloudfunctions.googleapis.com is enabled...
[debug] [2020-05-13T03:38:44.949Z] [functions] runtime dependency check dates: warning: 2020-05-21T00:00:00.000Z error: 2020-06-23T00:00:00.000Z
[debug] [2020-05-13T03:38:44.950Z] >>> HTTP REQUEST GET https://serviceusage.googleapis.com/v1/projects/imergency-latest/services/cloudfunctions.googleapis.com  
 
[debug] [2020-05-13T03:38:44.950Z] >>> HTTP REQUEST GET https://serviceusage.googleapis.com/v1/projects/imergency-latest/services/runtimeconfig.googleapis.com  
 
[debug] [2020-05-13T03:38:46.643Z] <<< HTTP RESPONSE 200 {"content-type":"application/json; charset=UTF-8","vary":"X-Origin, Referer, Origin,Accept-Encoding","date":"Wed, 13 May 2020 03:38:46 GMT","server":"ESF","cache-control":"private","x-xss-protection":"0","x-frame-options":"SAMEORIGIN","x-content-type-options":"nosniff","alt-svc":"h3-27=\":443\"; ma=2592000,h3-25=\":443\"; ma=2592000,h3-Q050=\":443\"; ma=2592000,h3-Q049=\":443\"; ma=2592000,h3-Q048=\":443\"; ma=2592000,h3-Q046=\":443\"; ma=2592000,h3-Q043=\":443\"; ma=2592000,quic=\":443\"; ma=2592000; v=\"46,43\"","accept-ranges":"none","transfer-encoding":"chunked"}
[debug] [2020-05-13T03:38:46.778Z] <<< HTTP RESPONSE 200 {"content-type":"application/json; charset=UTF-8","vary":"X-Origin, Referer, Origin,Accept-Encoding","date":"Wed, 13 May 2020 03:38:46 GMT","server":"ESF","cache-control":"private","x-xss-protection":"0","x-frame-options":"SAMEORIGIN","x-content-type-options":"nosniff","alt-svc":"h3-27=\":443\"; ma=2592000,h3-25=\":443\"; ma=2592000,h3-Q050=\":443\"; ma=2592000,h3-Q049=\":443\"; ma=2592000,h3-Q048=\":443\"; ma=2592000,h3-Q046=\":443\"; ma=2592000,h3-Q043=\":443\"; ma=2592000,quic=\":443\"; ma=2592000; v=\"46,43\"","accept-ranges":"none","transfer-encoding":"chunked"}
[info] +  functions: required API cloudfunctions.googleapis.com is enabled
[debug] [2020-05-13T03:38:46.779Z] >>> HTTP REQUEST GET https://firebase.googleapis.com/v1beta1/projects/imergency-latest/adminSdkConfig  
 
[debug] [2020-05-13T03:38:47.088Z] <<< HTTP RESPONSE 200 {"content-type":"application/json; charset=UTF-8","vary":"X-Origin, Referer, Origin,Accept-Encoding","date":"Wed, 13 May 2020 03:38:46 GMT","server":"ESF","cache-control":"private","x-xss-protection":"0","x-frame-options":"SAMEORIGIN","x-content-type-options":"nosniff","alt-svc":"h3-27=\":443\"; ma=2592000,h3-25=\":443\"; ma=2592000,h3-Q050=\":443\"; ma=2592000,h3-Q049=\":443\"; ma=2592000,h3-Q048=\":443\"; ma=2592000,h3-Q046=\":443\"; ma=2592000,h3-Q043=\":443\"; ma=2592000,quic=\":443\"; ma=2592000; v=\"46,43\"","accept-ranges":"none","transfer-encoding":"chunked"}
[info] i  functions: preparing functions directory for uploading...
[debug] [2020-05-13T03:38:47.090Z] >>> HTTP REQUEST GET https://runtimeconfig.googleapis.com/v1beta1/projects/imergency-latest/configs  
 
[debug] [2020-05-13T03:38:47.472Z] <<< HTTP RESPONSE 200 {"content-type":"application/json; charset=UTF-8","vary":"X-Origin, Referer, Origin,Accept-Encoding","date":"Wed, 13 May 2020 03:38:47 GMT","server":"ESF","cache-control":"private","x-xss-protection":"0","x-frame-options":"SAMEORIGIN","x-content-type-options":"nosniff","alt-svc":"h3-27=\":443\"; ma=2592000,h3-25=\":443\"; ma=2592000,h3-Q050=\":443\"; ma=2592000,h3-Q049=\":443\"; ma=2592000,h3-Q048=\":443\"; ma=2592000,h3-Q046=\":443\"; ma=2592000,h3-Q043=\":443\"; ma=2592000,quic=\":443\"; ma=2592000; v=\"46,43\"","accept-ranges":"none","transfer-encoding":"chunked"}
[info] i  functions: packaged functions (38.84 KB) for uploading
[debug] [2020-05-13T03:38:47.923Z] >>> HTTP REQUEST GET https://cloudfunctions.googleapis.com/v1/projects/imergency-latest/locations/-/functions  
 
[debug] [2020-05-13T03:38:48.624Z] <<< HTTP RESPONSE 200 {"content-type":"application/json; charset=UTF-8","vary":"X-Origin, Referer, Origin,Accept-Encoding","date":"Wed, 13 May 2020 03:38:48 GMT","server":"ESF","cache-control":"private","x-xss-protection":"0","x-frame-options":"SAMEORIGIN","x-content-type-options":"nosniff","alt-svc":"h3-27=\":443\"; ma=2592000,h3-25=\":443\"; ma=2592000,h3-Q050=\":443\"; ma=2592000,h3-Q049=\":443\"; ma=2592000,h3-Q048=\":443\"; ma=2592000,h3-Q046=\":443\"; ma=2592000,h3-Q043=\":443\"; ma=2592000,quic=\":443\"; ma=2592000; v=\"46,43\"","accept-ranges":"none","transfer-encoding":"chunked"}
[debug] [2020-05-13T03:38:48.626Z] >>> HTTP REQUEST POST https://cloudfunctions.googleapis.com/v1/projects/imergency-latest/locations/us-central1/functions:generateUploadUrl  
 
[debug] [2020-05-13T03:38:49.783Z] <<< HTTP RESPONSE 200 {"content-type":"application/json; charset=UTF-8","vary":"X-Origin, Referer, Origin,Accept-Encoding","date":"Wed, 13 May 2020 03:38:49 GMT","server":"ESF","cache-control":"private","x-xss-protection":"0","x-frame-options":"SAMEORIGIN","x-content-type-options":"nosniff","alt-svc":"h3-27=\":443\"; ma=2592000,h3-25=\":443\"; ma=2592000,h3-Q050=\":443\"; ma=2592000,h3-Q049=\":443\"; ma=2592000,h3-Q048=\":443\"; ma=2592000,h3-Q046=\":443\"; ma=2592000,h3-Q043=\":443\"; ma=2592000,quic=\":443\"; ma=2592000; v=\"46,43\"","accept-ranges":"none","transfer-encoding":"chunked"}
[debug] [2020-05-13T03:38:49.784Z] >>> HTTP REQUEST PUT https://storage.googleapis.com/gcf-upload-us-central1-3fa1d46e-5388-450e-9127-8d6a26445775/b98a62c5-d416-446f-bca7-d36f1917f82d.zip?GoogleAccessId=service-467748455671@gcf-admin-robot.iam.gserviceaccount.com&Expires=1589342929&Signature=DsnfbIMiirDiK2ctv%2BfvdKAUZIyy1E05hUpdywSdu8d3NycnBXcGLk8kbAACV0t5cPSWOBcIh243sbPeogpqUhV%2BSuZisbxgdct%2BGHouRutJE%2BbNzHVlYIF6%2BJFbEXq3D4WprGa1FUA7Re9WO0Pcotab9yVGWbqWi2hbq6985PD6Y1AkoAzNZvVDcxwIVBrJ0oZtUyPK2kScr90xCJQZbI1Iuu3LQeO7I7%2FV4jXezev6m%2Fv3OBEoxWL23Brr7MJzRtGrdLPqLuVvSfujUk7jiCIs84F8KzrhIWI8nBOT9duJu9oB1CBdiSEZm2G1rJ7pYNfhjbaCdZPpGCWTFeORUw%3D%3D  
 <request body omitted>
[debug] [2020-05-13T03:38:50.525Z] <<< HTTP RESPONSE 200 {"x-guploader-uploadid":"AAANsUnlhkNtW9POR7wHR5eF5JzA26TqULQVkoQZTaQxS-Pal3XKB8wlJW7qEf_UGJdkHNe4Gqw3hlPy8SG2D0ZHsQ","etag":"\"3f8c566ca895a2f84a6bc6ebf2d3bff9\"","x-goog-generation":"1589341130108602","x-goog-metageneration":"1","x-goog-hash":"crc32c=Bi50uw==, md5=P4xWbKiVovhKa8br8tO/+Q==","x-goog-stored-content-length":"39769","x-goog-stored-content-encoding":"identity","vary":"Origin","content-length":"0","date":"Wed, 13 May 2020 03:38:50 GMT","server":"UploadServer","content-type":"text/html; charset=UTF-8","alt-svc":"h3-27=\":443\"; ma=2592000,h3-25=\":443\"; ma=2592000,h3-Q050=\":443\"; ma=2592000,h3-Q049=\":443\"; ma=2592000,h3-Q048=\":443\"; ma=2592000,h3-Q046=\":443\"; ma=2592000,h3-Q043=\":443\"; ma=2592000,quic=\":443\"; ma=2592000; v=\"46,43\""}
[info] +  functions: functions folder uploaded successfully
[info] i  functions: updating Node.js 8 function QUERY_LOGIN(us-central1)...
[debug] [2020-05-13T03:38:50.528Z] Trigger is:  {"httpsTrigger":{}}
[debug] [2020-05-13T03:38:50.529Z] >>> HTTP REQUEST GET https://serviceusage.googleapis.com/v1/projects/imergency-latest/services/cloudscheduler.googleapis.com  
 
[debug] [2020-05-13T03:38:52.149Z] <<< HTTP RESPONSE 200 {"content-type":"application/json; charset=UTF-8","vary":"X-Origin, Referer, Origin,Accept-Encoding","date":"Wed, 13 May 2020 03:38:51 GMT","server":"ESF","cache-control":"private","x-xss-protection":"0","x-frame-options":"SAMEORIGIN","x-content-type-options":"nosniff","alt-svc":"h3-27=\":443\"; ma=2592000,h3-25=\":443\"; ma=2592000,h3-Q050=\":443\"; ma=2592000,h3-Q049=\":443\"; ma=2592000,h3-Q048=\":443\"; ma=2592000,h3-Q046=\":443\"; ma=2592000,h3-Q043=\":443\"; ma=2592000,quic=\":443\"; ma=2592000; v=\"46,43\"","accept-ranges":"none","transfer-encoding":"chunked"}
[debug] [2020-05-13T03:38:52.150Z] >>> HTTP REQUEST PATCH https://cloudfunctions.googleapis.com/v1/projects/imergency-latest/locations/us-central1/functions/QUERY_LOGIN {"updateMask":"sourceUploadUrl,name,labels,runtime,httpsTrigger"} 
 {"sourceUploadUrl":"https://storage.googleapis.com/gcf-upload-us-central1-3fa1d46e-5388-450e-9127-8d6a26445775/b98a62c5-d416-446f-bca7-d36f1917f82d.zip?GoogleAccessId=service-467748455671@gcf-admin-robot.iam.gserviceaccount.com&Expires=1589342929&Signature=DsnfbIMiirDiK2ctv%2BfvdKAUZIyy1E05hUpdywSdu8d3NycnBXcGLk8kbAACV0t5cPSWOBcIh243sbPeogpqUhV%2BSuZisbxgdct%2BGHouRutJE%2BbNzHVlYIF6%2BJFbEXq3D4WprGa1FUA7Re9WO0Pcotab9yVGWbqWi2hbq6985PD6Y1AkoAzNZvVDcxwIVBrJ0oZtUyPK2kScr90xCJQZbI1Iuu3LQeO7I7%2FV4jXezev6m%2Fv3OBEoxWL23Brr7MJzRtGrdLPqLuVvSfujUk7jiCIs84F8KzrhIWI8nBOT9duJu9oB1CBdiSEZm2G1rJ7pYNfhjbaCdZPpGCWTFeORUw%3D%3D","name":"projects/imergency-latest/locations/us-central1/functions/QUERY_LOGIN","labels":{"deployment-tool":"cli-firebase"},"httpsTrigger":{},"runtime":"nodejs8"}
[debug] [2020-05-13T03:38:53.409Z] <<< HTTP RESPONSE 200 {"content-type":"application/json; charset=UTF-8","vary":"X-Origin, Referer, Origin,Accept-Encoding","date":"Wed, 13 May 2020 03:38:53 GMT","server":"ESF","cache-control":"private","x-xss-protection":"0","x-frame-options":"SAMEORIGIN","x-content-type-options":"nosniff","alt-svc":"h3-27=\":443\"; ma=2592000,h3-25=\":443\"; ma=2592000,h3-Q050=\":443\"; ma=2592000,h3-Q049=\":443\"; ma=2592000,h3-Q048=\":443\"; ma=2592000,h3-Q046=\":443\"; ma=2592000,h3-Q043=\":443\"; ma=2592000,quic=\":443\"; ma=2592000; v=\"46,43\"","accept-ranges":"none","transfer-encoding":"chunked"}
[debug] [2020-05-13T03:38:53.410Z] >>> HTTP REQUEST GET https://cloudfunctions.googleapis.com/v1/projects/imergency-latest/locations/-/functions  
 
[debug] [2020-05-13T03:38:53.913Z] <<< HTTP RESPONSE 200 {"content-type":"application/json; charset=UTF-8","vary":"X-Origin, Referer, Origin,Accept-Encoding","date":"Wed, 13 May 2020 03:38:53 GMT","server":"ESF","cache-control":"private","x-xss-protection":"0","x-frame-options":"SAMEORIGIN","x-content-type-options":"nosniff","alt-svc":"h3-27=\":443\"; ma=2592000,h3-25=\":443\"; ma=2592000,h3-Q050=\":443\"; ma=2592000,h3-Q049=\":443\"; ma=2592000,h3-Q048=\":443\"; ma=2592000,h3-Q046=\":443\"; ma=2592000,h3-Q043=\":443\"; ma=2592000,quic=\":443\"; ma=2592000; v=\"46,43\"","accept-ranges":"none","transfer-encoding":"chunked"}
[debug] [2020-05-13T03:38:53.914Z] >>> HTTP REQUEST GET https://cloudfunctions.googleapis.com/v1/operations/aW1lcmdlbmN5LWxhdGVzdC91cy1jZW50cmFsMS9RVUVSWV9MT0dJTi9qd09GWkdIU3lWRQ  
 
[debug] [2020-05-13T03:38:54.577Z] <<< HTTP RESPONSE 200 {"content-type":"application/json; charset=UTF-8","vary":"X-Origin, Referer, Origin,Accept-Encoding","date":"Wed, 13 May 2020 03:38:54 GMT","server":"ESF","cache-control":"private","x-xss-protection":"0","x-frame-options":"SAMEORIGIN","x-content-type-options":"nosniff","alt-svc":"h3-27=\":443\"; ma=2592000,h3-25=\":443\"; ma=2592000,h3-Q050=\":443\"; ma=2592000,h3-Q049=\":443\"; ma=2592000,h3-Q048=\":443\"; ma=2592000,h3-Q046=\":443\"; ma=2592000,h3-Q043=\":443\"; ma=2592000,quic=\":443\"; ma=2592000; v=\"46,43\"","accept-ranges":"none","transfer-encoding":"chunked"}
[debug] [2020-05-13T03:38:56.578Z] >>> HTTP REQUEST GET https://cloudfunctions.googleapis.com/v1/operations/aW1lcmdlbmN5LWxhdGVzdC91cy1jZW50cmFsMS9RVUVSWV9MT0dJTi9qd09GWkdIU3lWRQ  
 
[debug] [2020-05-13T03:38:57.280Z] <<< HTTP RESPONSE 200 {"content-type":"application/json; charset=UTF-8","vary":"X-Origin, Referer, Origin,Accept-Encoding","date":"Wed, 13 May 2020 03:38:56 GMT","server":"ESF","cache-control":"private","x-xss-protection":"0","x-frame-options":"SAMEORIGIN","x-content-type-options":"nosniff","alt-svc":"h3-27=\":443\"; ma=2592000,h3-25=\":443\"; ma=2592000,h3-Q050=\":443\"; ma=2592000,h3-Q049=\":443\"; ma=2592000,h3-Q048=\":443\"; ma=2592000,h3-Q046=\":443\"; ma=2592000,h3-Q043=\":443\"; ma=2592000,quic=\":443\"; ma=2592000; v=\"46,43\"","accept-ranges":"none","transfer-encoding":"chunked"}
[debug] [2020-05-13T03:38:59.281Z] >>> HTTP REQUEST GET https://cloudfunctions.googleapis.com/v1/operations/aW1lcmdlbmN5LWxhdGVzdC91cy1jZW50cmFsMS9RVUVSWV9MT0dJTi9qd09GWkdIU3lWRQ  
 
[debug] [2020-05-13T03:39:00.040Z] <<< HTTP RESPONSE 200 {"content-type":"application/json; charset=UTF-8","vary":"X-Origin, Referer, Origin,Accept-Encoding","date":"Wed, 13 May 2020 03:38:59 GMT","server":"ESF","cache-control":"private","x-xss-protection":"0","x-frame-options":"SAMEORIGIN","x-content-type-options":"nosniff","alt-svc":"h3-27=\":443\"; ma=2592000,h3-25=\":443\"; ma=2592000,h3-Q050=\":443\"; ma=2592000,h3-Q049=\":443\"; ma=2592000,h3-Q048=\":443\"; ma=2592000,h3-Q046=\":443\"; ma=2592000,h3-Q043=\":443\"; ma=2592000,quic=\":443\"; ma=2592000; v=\"46,43\"","accept-ranges":"none","transfer-encoding":"chunked"}
[debug] [2020-05-13T03:39:02.041Z] >>> HTTP REQUEST GET https://cloudfunctions.googleapis.com/v1/operations/aW1lcmdlbmN5LWxhdGVzdC91cy1jZW50cmFsMS9RVUVSWV9MT0dJTi9qd09GWkdIU3lWRQ  
 
[debug] [2020-05-13T03:39:02.423Z] <<< HTTP RESPONSE 200 {"content-type":"application/json; charset=UTF-8","vary":"X-Origin, Referer, Origin,Accept-Encoding","date":"Wed, 13 May 2020 03:39:02 GMT","server":"ESF","cache-control":"private","x-xss-protection":"0","x-frame-options":"SAMEORIGIN","x-content-type-options":"nosniff","alt-svc":"h3-27=\":443\"; ma=2592000,h3-25=\":443\"; ma=2592000,h3-Q050=\":443\"; ma=2592000,h3-Q049=\":443\"; ma=2592000,h3-Q048=\":443\"; ma=2592000,h3-Q046=\":443\"; ma=2592000,h3-Q043=\":443\"; ma=2592000,quic=\":443\"; ma=2592000; v=\"46,43\"","accept-ranges":"none","transfer-encoding":"chunked"}
[debug] [2020-05-13T03:39:04.424Z] >>> HTTP REQUEST GET https://cloudfunctions.googleapis.com/v1/operations/aW1lcmdlbmN5LWxhdGVzdC91cy1jZW50cmFsMS9RVUVSWV9MT0dJTi9qd09GWkdIU3lWRQ  
 
